<?xml version="1.0" encoding="UTF-8"?>
<testng-results skipped="0" failed="0" ignored="0" total="1" passed="1">
  <reporter-output>
  </reporter-output>
  <suite name="Default suite" duration-ms="18066" started-at="2019-10-25T13:17:01Z" finished-at="2019-10-25T13:17:20Z">
    <groups>
    </groups>
    <test name="Default test" duration-ms="18066" started-at="2019-10-25T13:17:01Z" finished-at="2019-10-25T13:17:20Z">
      <class name="com.atmecs.sample.testscripts.TestNGMethod">
        <test-method status="PASS" signature="xmlsuite()[pri:0, instance:com.atmecs.sample.testscripts.TestNGMethod@1bce4f0a]" name="xmlsuite" duration-ms="18007" started-at="2019-10-25T13:17:01Z" finished-at="2019-10-25T13:17:19Z">
          <reporter-output>
          </reporter-output>
        </test-method> <!-- xmlsuite -->
      </class> <!-- com.atmecs.sample.testscripts.TestNGMethod -->
    </test> <!-- Default test -->
  </suite> <!-- Default suite -->
</testng-results>
